<?xml version="1.0" encoding="UTF-8"?>
<testsuite xmlns:xsi="http://www.w3.org/2001/XMLSchema-instance" xsi:noNamespaceSchemaLocation="https://maven.apache.org/surefire/maven-surefire-plugin/xsd/surefire-test-report-3.0.xsd" version="3.0" name="com.freedom.javacodesimple.JavaCodeSimpleApplicationTests" time="1.965" tests="1" errors="0" skipped="0" failures="0">
  <properties>
    <property name="socksProxyHost" value="127.0.0.1"/>
    <property name="http.proxyHost" value="127.0.0.1"/>
    <property name="java.specification.version" value="20"/>
    <property name="sun.jnu.encoding" value="UTF-8"/>
    <property name="java.class.path" value="/Users/a0000/mywork/mmjava/java-code-simple/target/test-classes:/Users/a0000/mywork/mmjava/java-code-simple/target/classes:/Users/a0000/.m2/repository/org/springframework/boot/spring-boot-starter-web/3.1.1-SNAPSHOT/spring-boot-starter-web-3.1.1-SNAPSHOT.jar:/Users/a0000/.m2/repository/org/springframework/boot/spring-boot-starter/3.1.1-SNAPSHOT/spring-boot-starter-3.1.1-SNAPSHOT.jar:/Users/a0000/.m2/repository/org/springframework/boot/spring-boot/3.1.1-SNAPSHOT/spring-boot-3.1.1-SNAPSHOT.jar:/Users/a0000/.m2/repository/org/springframework/boot/spring-boot-autoconfigure/3.1.1-SNAPSHOT/spring-boot-autoconfigure-3.1.1-SNAPSHOT.jar:/Users/a0000/.m2/repository/org/springframework/boot/spring-boot-starter-logging/3.1.1-SNAPSHOT/spring-boot-starter-logging-3.1.1-SNAPSHOT.jar:/Users/a0000/.m2/repository/ch/qos/logback/logback-classic/1.4.8/logback-classic-1.4.8.jar:/Users/a0000/.m2/repository/ch/qos/logback/logback-core/1.4.8/logback-core-1.4.8.jar:/Users/a0000/.m2/repository/org/apache/logging/log4j/log4j-to-slf4j/2.20.0/log4j-to-slf4j-2.20.0.jar:/Users/a0000/.m2/repository/org/apache/logging/log4j/log4j-api/2.20.0/log4j-api-2.20.0.jar:/Users/a0000/.m2/repository/org/slf4j/jul-to-slf4j/2.0.7/jul-to-slf4j-2.0.7.jar:/Users/a0000/.m2/repository/jakarta/annotation/jakarta.annotation-api/2.1.1/jakarta.annotation-api-2.1.1.jar:/Users/a0000/.m2/repository/org/yaml/snakeyaml/1.33/snakeyaml-1.33.jar:/Users/a0000/.m2/repository/org/springframework/boot/spring-boot-starter-json/3.1.1-SNAPSHOT/spring-boot-starter-json-3.1.1-SNAPSHOT.jar:/Users/a0000/.m2/repository/com/fasterxml/jackson/core/jackson-databind/2.15.2/jackson-databind-2.15.2.jar:/Users/a0000/.m2/repository/com/fasterxml/jackson/core/jackson-annotations/2.15.2/jackson-annotations-2.15.2.jar:/Users/a0000/.m2/repository/com/fasterxml/jackson/core/jackson-core/2.15.2/jackson-core-2.15.2.jar:/Users/a0000/.m2/repository/com/fasterxml/jackson/datatype/jackson-datatype-jdk8/2.15.2/jackson-datatype-jdk8-2.15.2.jar:/Users/a0000/.m2/repository/com/fasterxml/jackson/datatype/jackson-datatype-jsr310/2.15.2/jackson-datatype-jsr310-2.15.2.jar:/Users/a0000/.m2/repository/com/fasterxml/jackson/module/jackson-module-parameter-names/2.15.2/jackson-module-parameter-names-2.15.2.jar:/Users/a0000/.m2/repository/org/springframework/boot/spring-boot-starter-tomcat/3.1.1-SNAPSHOT/spring-boot-starter-tomcat-3.1.1-SNAPSHOT.jar:/Users/a0000/.m2/repository/org/apache/tomcat/embed/tomcat-embed-core/10.1.10/tomcat-embed-core-10.1.10.jar:/Users/a0000/.m2/repository/org/apache/tomcat/embed/tomcat-embed-el/10.1.10/tomcat-embed-el-10.1.10.jar:/Users/a0000/.m2/repository/org/apache/tomcat/embed/tomcat-embed-websocket/10.1.10/tomcat-embed-websocket-10.1.10.jar:/Users/a0000/.m2/repository/org/springframework/spring-web/6.0.10/spring-web-6.0.10.jar:/Users/a0000/.m2/repository/org/springframework/spring-beans/6.0.10/spring-beans-6.0.10.jar:/Users/a0000/.m2/repository/io/micrometer/micrometer-observation/1.11.1/micrometer-observation-1.11.1.jar:/Users/a0000/.m2/repository/io/micrometer/micrometer-commons/1.11.1/micrometer-commons-1.11.1.jar:/Users/a0000/.m2/repository/org/springframework/spring-webmvc/6.0.10/spring-webmvc-6.0.10.jar:/Users/a0000/.m2/repository/org/springframework/spring-aop/6.0.10/spring-aop-6.0.10.jar:/Users/a0000/.m2/repository/org/springframework/spring-context/6.0.10/spring-context-6.0.10.jar:/Users/a0000/.m2/repository/org/springframework/spring-expression/6.0.10/spring-expression-6.0.10.jar:/Users/a0000/.m2/repository/org/springframework/boot/spring-boot-starter-test/3.1.1-SNAPSHOT/spring-boot-starter-test-3.1.1-SNAPSHOT.jar:/Users/a0000/.m2/repository/org/springframework/boot/spring-boot-test/3.1.1-SNAPSHOT/spring-boot-test-3.1.1-SNAPSHOT.jar:/Users/a0000/.m2/repository/org/springframework/boot/spring-boot-test-autoconfigure/3.1.1-SNAPSHOT/spring-boot-test-autoconfigure-3.1.1-SNAPSHOT.jar:/Users/a0000/.m2/repository/com/jayway/jsonpath/json-path/2.8.0/json-path-2.8.0.jar:/Users/a0000/.m2/repository/org/slf4j/slf4j-api/2.0.7/slf4j-api-2.0.7.jar:/Users/a0000/.m2/repository/jakarta/xml/bind/jakarta.xml.bind-api/4.0.0/jakarta.xml.bind-api-4.0.0.jar:/Users/a0000/.m2/repository/jakarta/activation/jakarta.activation-api/2.1.2/jakarta.activation-api-2.1.2.jar:/Users/a0000/.m2/repository/net/minidev/json-smart/2.4.11/json-smart-2.4.11.jar:/Users/a0000/.m2/repository/net/minidev/accessors-smart/2.4.11/accessors-smart-2.4.11.jar:/Users/a0000/.m2/repository/org/ow2/asm/asm/9.3/asm-9.3.jar:/Users/a0000/.m2/repository/org/assertj/assertj-core/3.24.2/assertj-core-3.24.2.jar:/Users/a0000/.m2/repository/net/bytebuddy/byte-buddy/1.14.5/byte-buddy-1.14.5.jar:/Users/a0000/.m2/repository/org/hamcrest/hamcrest/2.2/hamcrest-2.2.jar:/Users/a0000/.m2/repository/org/junit/jupiter/junit-jupiter/5.9.3/junit-jupiter-5.9.3.jar:/Users/a0000/.m2/repository/org/junit/jupiter/junit-jupiter-api/5.9.3/junit-jupiter-api-5.9.3.jar:/Users/a0000/.m2/repository/org/opentest4j/opentest4j/1.2.0/opentest4j-1.2.0.jar:/Users/a0000/.m2/repository/org/junit/platform/junit-platform-commons/1.9.3/junit-platform-commons-1.9.3.jar:/Users/a0000/.m2/repository/org/apiguardian/apiguardian-api/1.1.2/apiguardian-api-1.1.2.jar:/Users/a0000/.m2/repository/org/junit/jupiter/junit-jupiter-params/5.9.3/junit-jupiter-params-5.9.3.jar:/Users/a0000/.m2/repository/org/junit/jupiter/junit-jupiter-engine/5.9.3/junit-jupiter-engine-5.9.3.jar:/Users/a0000/.m2/repository/org/junit/platform/junit-platform-engine/1.9.3/junit-platform-engine-1.9.3.jar:/Users/a0000/.m2/repository/org/mockito/mockito-core/5.3.1/mockito-core-5.3.1.jar:/Users/a0000/.m2/repository/net/bytebuddy/byte-buddy-agent/1.14.5/byte-buddy-agent-1.14.5.jar:/Users/a0000/.m2/repository/org/objenesis/objenesis/3.3/objenesis-3.3.jar:/Users/a0000/.m2/repository/org/mockito/mockito-junit-jupiter/5.3.1/mockito-junit-jupiter-5.3.1.jar:/Users/a0000/.m2/repository/org/skyscreamer/jsonassert/1.5.1/jsonassert-1.5.1.jar:/Users/a0000/.m2/repository/com/vaadin/external/google/android-json/0.0.20131108.vaadin1/android-json-0.0.20131108.vaadin1.jar:/Users/a0000/.m2/repository/org/springframework/spring-core/6.0.10/spring-core-6.0.10.jar:/Users/a0000/.m2/repository/org/springframework/spring-jcl/6.0.10/spring-jcl-6.0.10.jar:/Users/a0000/.m2/repository/org/springframework/spring-test/6.0.10/spring-test-6.0.10.jar:/Users/a0000/.m2/repository/org/xmlunit/xmlunit-core/2.9.1/xmlunit-core-2.9.1.jar:"/>
    <property name="https.proxyPort" value="7890"/>
    <property name="java.vm.vendor" value="Homebrew"/>
    <property name="sun.arch.data.model" value="64"/>
    <property name="java.vendor.url" value="https://github.com/Homebrew/homebrew-core/issues"/>
    <property name="user.timezone" value="Asia/Shanghai"/>
    <property name="os.name" value="Mac OS X"/>
    <property name="java.vm.specification.version" value="20"/>
    <property name="sun.java.launcher" value="SUN_STANDARD"/>
    <property name="user.country" value="CN"/>
    <property name="sun.boot.library.path" value="/usr/local/Cellar/openjdk/20.0.1/libexec/openjdk.jdk/Contents/Home/lib"/>
    <property name="sun.java.command" value="/Users/a0000/mywork/mmjava/java-code-simple/target/surefire/surefirebooter-20230617211203157_3.jar /Users/a0000/mywork/mmjava/java-code-simple/target/surefire 2023-06-17T21-12-03_063-jvmRun1 surefire-20230617211203157_1tmp surefire_0-20230617211203157_2tmp"/>
    <property name="http.nonProxyHosts" value="192.168.0.0/16|*.192.168.0.0/16|10.0.0.0/8|*.10.0.0.0/8|172.16.0.0/12|*.172.16.0.0/12|127.0.0.1|localhost|*.localhost|local|*.local|timestamp.apple.com|*.timestamp.apple.com|sequoia.apple.com|*.sequoia.apple.com|seed-sequoia.siri.apple.com|*.seed-sequoia.siri.apple.com"/>
    <property name="jdk.debug" value="release"/>
    <property name="surefire.test.class.path" value="/Users/a0000/mywork/mmjava/java-code-simple/target/test-classes:/Users/a0000/mywork/mmjava/java-code-simple/target/classes:/Users/a0000/.m2/repository/org/springframework/boot/spring-boot-starter-web/3.1.1-SNAPSHOT/spring-boot-starter-web-3.1.1-SNAPSHOT.jar:/Users/a0000/.m2/repository/org/springframework/boot/spring-boot-starter/3.1.1-SNAPSHOT/spring-boot-starter-3.1.1-SNAPSHOT.jar:/Users/a0000/.m2/repository/org/springframework/boot/spring-boot/3.1.1-SNAPSHOT/spring-boot-3.1.1-SNAPSHOT.jar:/Users/a0000/.m2/repository/org/springframework/boot/spring-boot-autoconfigure/3.1.1-SNAPSHOT/spring-boot-autoconfigure-3.1.1-SNAPSHOT.jar:/Users/a0000/.m2/repository/org/springframework/boot/spring-boot-starter-logging/3.1.1-SNAPSHOT/spring-boot-starter-logging-3.1.1-SNAPSHOT.jar:/Users/a0000/.m2/repository/ch/qos/logback/logback-classic/1.4.8/logback-classic-1.4.8.jar:/Users/a0000/.m2/repository/ch/qos/logback/logback-core/1.4.8/logback-core-1.4.8.jar:/Users/a0000/.m2/repository/org/apache/logging/log4j/log4j-to-slf4j/2.20.0/log4j-to-slf4j-2.20.0.jar:/Users/a0000/.m2/repository/org/apache/logging/log4j/log4j-api/2.20.0/log4j-api-2.20.0.jar:/Users/a0000/.m2/repository/org/slf4j/jul-to-slf4j/2.0.7/jul-to-slf4j-2.0.7.jar:/Users/a0000/.m2/repository/jakarta/annotation/jakarta.annotation-api/2.1.1/jakarta.annotation-api-2.1.1.jar:/Users/a0000/.m2/repository/org/yaml/snakeyaml/1.33/snakeyaml-1.33.jar:/Users/a0000/.m2/repository/org/springframework/boot/spring-boot-starter-json/3.1.1-SNAPSHOT/spring-boot-starter-json-3.1.1-SNAPSHOT.jar:/Users/a0000/.m2/repository/com/fasterxml/jackson/core/jackson-databind/2.15.2/jackson-databind-2.15.2.jar:/Users/a0000/.m2/repository/com/fasterxml/jackson/core/jackson-annotations/2.15.2/jackson-annotations-2.15.2.jar:/Users/a0000/.m2/repository/com/fasterxml/jackson/core/jackson-core/2.15.2/jackson-core-2.15.2.jar:/Users/a0000/.m2/repository/com/fasterxml/jackson/datatype/jackson-datatype-jdk8/2.15.2/jackson-datatype-jdk8-2.15.2.jar:/Users/a0000/.m2/repository/com/fasterxml/jackson/datatype/jackson-datatype-jsr310/2.15.2/jackson-datatype-jsr310-2.15.2.jar:/Users/a0000/.m2/repository/com/fasterxml/jackson/module/jackson-module-parameter-names/2.15.2/jackson-module-parameter-names-2.15.2.jar:/Users/a0000/.m2/repository/org/springframework/boot/spring-boot-starter-tomcat/3.1.1-SNAPSHOT/spring-boot-starter-tomcat-3.1.1-SNAPSHOT.jar:/Users/a0000/.m2/repository/org/apache/tomcat/embed/tomcat-embed-core/10.1.10/tomcat-embed-core-10.1.10.jar:/Users/a0000/.m2/repository/org/apache/tomcat/embed/tomcat-embed-el/10.1.10/tomcat-embed-el-10.1.10.jar:/Users/a0000/.m2/repository/org/apache/tomcat/embed/tomcat-embed-websocket/10.1.10/tomcat-embed-websocket-10.1.10.jar:/Users/a0000/.m2/repository/org/springframework/spring-web/6.0.10/spring-web-6.0.10.jar:/Users/a0000/.m2/repository/org/springframework/spring-beans/6.0.10/spring-beans-6.0.10.jar:/Users/a0000/.m2/repository/io/micrometer/micrometer-observation/1.11.1/micrometer-observation-1.11.1.jar:/Users/a0000/.m2/repository/io/micrometer/micrometer-commons/1.11.1/micrometer-commons-1.11.1.jar:/Users/a0000/.m2/repository/org/springframework/spring-webmvc/6.0.10/spring-webmvc-6.0.10.jar:/Users/a0000/.m2/repository/org/springframework/spring-aop/6.0.10/spring-aop-6.0.10.jar:/Users/a0000/.m2/repository/org/springframework/spring-context/6.0.10/spring-context-6.0.10.jar:/Users/a0000/.m2/repository/org/springframework/spring-expression/6.0.10/spring-expression-6.0.10.jar:/Users/a0000/.m2/repository/org/springframework/boot/spring-boot-starter-test/3.1.1-SNAPSHOT/spring-boot-starter-test-3.1.1-SNAPSHOT.jar:/Users/a0000/.m2/repository/org/springframework/boot/spring-boot-test/3.1.1-SNAPSHOT/spring-boot-test-3.1.1-SNAPSHOT.jar:/Users/a0000/.m2/repository/org/springframework/boot/spring-boot-test-autoconfigure/3.1.1-SNAPSHOT/spring-boot-test-autoconfigure-3.1.1-SNAPSHOT.jar:/Users/a0000/.m2/repository/com/jayway/jsonpath/json-path/2.8.0/json-path-2.8.0.jar:/Users/a0000/.m2/repository/org/slf4j/slf4j-api/2.0.7/slf4j-api-2.0.7.jar:/Users/a0000/.m2/repository/jakarta/xml/bind/jakarta.xml.bind-api/4.0.0/jakarta.xml.bind-api-4.0.0.jar:/Users/a0000/.m2/repository/jakarta/activation/jakarta.activation-api/2.1.2/jakarta.activation-api-2.1.2.jar:/Users/a0000/.m2/repository/net/minidev/json-smart/2.4.11/json-smart-2.4.11.jar:/Users/a0000/.m2/repository/net/minidev/accessors-smart/2.4.11/accessors-smart-2.4.11.jar:/Users/a0000/.m2/repository/org/ow2/asm/asm/9.3/asm-9.3.jar:/Users/a0000/.m2/repository/org/assertj/assertj-core/3.24.2/assertj-core-3.24.2.jar:/Users/a0000/.m2/repository/net/bytebuddy/byte-buddy/1.14.5/byte-buddy-1.14.5.jar:/Users/a0000/.m2/repository/org/hamcrest/hamcrest/2.2/hamcrest-2.2.jar:/Users/a0000/.m2/repository/org/junit/jupiter/junit-jupiter/5.9.3/junit-jupiter-5.9.3.jar:/Users/a0000/.m2/repository/org/junit/jupiter/junit-jupiter-api/5.9.3/junit-jupiter-api-5.9.3.jar:/Users/a0000/.m2/repository/org/opentest4j/opentest4j/1.2.0/opentest4j-1.2.0.jar:/Users/a0000/.m2/repository/org/junit/platform/junit-platform-commons/1.9.3/junit-platform-commons-1.9.3.jar:/Users/a0000/.m2/repository/org/apiguardian/apiguardian-api/1.1.2/apiguardian-api-1.1.2.jar:/Users/a0000/.m2/repository/org/junit/jupiter/junit-jupiter-params/5.9.3/junit-jupiter-params-5.9.3.jar:/Users/a0000/.m2/repository/org/junit/jupiter/junit-jupiter-engine/5.9.3/junit-jupiter-engine-5.9.3.jar:/Users/a0000/.m2/repository/org/junit/platform/junit-platform-engine/1.9.3/junit-platform-engine-1.9.3.jar:/Users/a0000/.m2/repository/org/mockito/mockito-core/5.3.1/mockito-core-5.3.1.jar:/Users/a0000/.m2/repository/net/bytebuddy/byte-buddy-agent/1.14.5/byte-buddy-agent-1.14.5.jar:/Users/a0000/.m2/repository/org/objenesis/objenesis/3.3/objenesis-3.3.jar:/Users/a0000/.m2/repository/org/mockito/mockito-junit-jupiter/5.3.1/mockito-junit-jupiter-5.3.1.jar:/Users/a0000/.m2/repository/org/skyscreamer/jsonassert/1.5.1/jsonassert-1.5.1.jar:/Users/a0000/.m2/repository/com/vaadin/external/google/android-json/0.0.20131108.vaadin1/android-json-0.0.20131108.vaadin1.jar:/Users/a0000/.m2/repository/org/springframework/spring-core/6.0.10/spring-core-6.0.10.jar:/Users/a0000/.m2/repository/org/springframework/spring-jcl/6.0.10/spring-jcl-6.0.10.jar:/Users/a0000/.m2/repository/org/springframework/spring-test/6.0.10/spring-test-6.0.10.jar:/Users/a0000/.m2/repository/org/xmlunit/xmlunit-core/2.9.1/xmlunit-core-2.9.1.jar:"/>
    <property name="sun.cpu.endian" value="little"/>
    <property name="user.home" value="/Users/a0000"/>
    <property name="user.language" value="zh"/>
    <property name="java.specification.vendor" value="Oracle Corporation"/>
    <property name="java.version.date" value="2023-04-18"/>
    <property name="java.home" value="/usr/local/Cellar/openjdk/20.0.1/libexec/openjdk.jdk/Contents/Home"/>
    <property name="file.separator" value="/"/>
    <property name="https.proxyHost" value="127.0.0.1"/>
    <property name="basedir" value="/Users/a0000/mywork/mmjava/java-code-simple"/>
    <property name="java.vm.compressedOopsMode" value="Zero based"/>
    <property name="line.separator" value="&#10;"/>
    <property name="java.vm.specification.vendor" value="Oracle Corporation"/>
    <property name="java.specification.name" value="Java Platform API Specification"/>
    <property name="FILE_LOG_CHARSET" value="UTF-8"/>
    <property name="java.awt.headless" value="true"/>
    <property name="apple.awt.application.name" value="ForkedBooter"/>
    <property name="surefire.real.class.path" value="/Users/a0000/mywork/mmjava/java-code-simple/target/surefire/surefirebooter-20230617211203157_3.jar"/>
    <property name="user.script" value="Hans"/>
    <property name="sun.management.compiler" value="HotSpot 64-Bit Tiered Compilers"/>
    <property name="ftp.nonProxyHosts" value="192.168.0.0/16|*.192.168.0.0/16|10.0.0.0/8|*.10.0.0.0/8|172.16.0.0/12|*.172.16.0.0/12|127.0.0.1|localhost|*.localhost|local|*.local|timestamp.apple.com|*.timestamp.apple.com|sequoia.apple.com|*.sequoia.apple.com|seed-sequoia.siri.apple.com|*.seed-sequoia.siri.apple.com"/>
    <property name="java.runtime.version" value="20.0.1"/>
    <property name="user.name" value="a0000"/>
    <property name="stdout.encoding" value="UTF-8"/>
    <property name="path.separator" value=":"/>
    <property name="os.version" value="13.4"/>
    <property name="java.runtime.name" value="OpenJDK Runtime Environment"/>
    <property name="file.encoding" value="UTF-8"/>
    <property name="java.vm.name" value="OpenJDK 64-Bit Server VM"/>
    <property name="java.vendor.version" value="Homebrew"/>
    <property name="localRepository" value="/Users/a0000/.m2/repository"/>
    <property name="java.vendor.url.bug" value="https://github.com/Homebrew/homebrew-core/issues"/>
    <property name="java.io.tmpdir" value="/var/folders/rq/ygh3vp2n0yj16xckkl_xqkh80000gn/T/"/>
    <property name="java.version" value="20.0.1"/>
    <property name="user.dir" value="/Users/a0000/mywork/mmjava/java-code-simple"/>
    <property name="os.arch" value="x86_64"/>
    <property name="socksProxyPort" value="7890"/>
    <property name="java.vm.specification.name" value="Java Virtual Machine Specification"/>
    <property name="PID" value="41318"/>
    <property name="CONSOLE_LOG_CHARSET" value="UTF-8"/>
    <property name="native.encoding" value="UTF-8"/>
    <property name="java.library.path" value="/Users/a0000/Library/Java/Extensions:/Library/Java/Extensions:/Network/Library/Java/Extensions:/System/Library/Java/Extensions:/usr/lib/java:."/>
    <property name="java.vm.info" value="mixed mode, sharing"/>
    <property name="stderr.encoding" value="UTF-8"/>
    <property name="java.vendor" value="Homebrew"/>
    <property name="java.vm.version" value="20.0.1"/>
    <property name="sun.io.unicode.encoding" value="UnicodeBig"/>
    <property name="socksNonProxyHosts" value="192.168.0.0/16|*.192.168.0.0/16|10.0.0.0/8|*.10.0.0.0/8|172.16.0.0/12|*.172.16.0.0/12|127.0.0.1|localhost|*.localhost|local|*.local|timestamp.apple.com|*.timestamp.apple.com|sequoia.apple.com|*.sequoia.apple.com|seed-sequoia.siri.apple.com|*.seed-sequoia.siri.apple.com"/>
    <property name="java.class.version" value="64.0"/>
    <property name="http.proxyPort" value="7890"/>
  </properties>
  <testcase name="contextLoads" classname="com.freedom.javacodesimple.JavaCodeSimpleApplicationTests" time="0.698">
    <system-out><![CDATA[21:12:03.775 [main] INFO org.springframework.test.context.support.AnnotationConfigContextLoaderUtils -- Could not detect default configuration classes for test class [com.freedom.javacodesimple.JavaCodeSimpleApplicationTests]: JavaCodeSimpleApplicationTests does not declare any static, non-private, non-final, nested classes annotated with @Configuration.
21:12:03.852 [main] INFO org.springframework.boot.test.context.SpringBootTestContextBootstrapper -- Found @SpringBootConfiguration com.freedom.javacodesimple.JavaCodeSimpleApplication for test class com.freedom.javacodesimple.JavaCodeSimpleApplicationTests

  .   ____          _            __ _ _
 /\\ / ___'_ __ _ _(_)_ __  __ _ \ \ \ \
( ( )\___ | '_ | '_| | '_ \/ _` | \ \ \ \
 \\/  ___)| |_)| | | | | || (_| |  ) ) ) )
  '  |____| .__|_| |_|_| |_\__, | / / / /
 =========|_|==============|___/=/_/_/_/
 :: Spring Boot ::       (v3.1.1-SNAPSHOT)

2023-06-17T21:12:04.156+08:00  INFO 41318 --- [           main] c.f.j.JavaCodeSimpleApplicationTests     : Starting JavaCodeSimpleApplicationTests using Java 20.0.1 with PID 41318 (started by a0000 in /Users/a0000/mywork/mmjava/java-code-simple)
2023-06-17T21:12:04.157+08:00  INFO 41318 --- [           main] c.f.j.JavaCodeSimpleApplicationTests     : No active profile set, falling back to 1 default profile: "default"
2023-06-17T21:12:04.888+08:00  INFO 41318 --- [           main] c.f.j.JavaCodeSimpleApplicationTests     : Started JavaCodeSimpleApplicationTests in 0.928 seconds (process running for 1.655)
]]></system-out>
  </testcase>
</testsuite>